{"name": "Remove product from cart", "status": "broken", "statusDetails": {"message": "selenium.common.exceptions.NoSuchElementException: Message: no such element: Unable to locate element: {\"method\":\"xpath\",\"selector\":\"//span[@class='a-size-base sc-list-item-removed-msg-text-delete']\"}\n  (Session info: chrome=140.0.7339.210); For documentation on this error, please visit: https://www.selenium.dev/documentation/webdriver/troubleshooting/errors#no-such-element-exception\nStacktrace:\n0   chromedriver                        0x0000000103497274 cxxbridge1$str$ptr + 2882596\n1   chromedriver                        0x000000010348f1a0 cxxbridge1$str$ptr + 2849616\n2   chromedriver                        0x0000000102fb9180 _RNvCslE4myv9Sbr3_7___rustc35___rust_no_alloc_shim_is_unstable_v2 + 73420\n3   chromedriver                        0x00000001030004c4 _RNvCslE4myv9Sbr3_7___rustc35___rust_no_alloc_shim_is_unstable_v2 + 365072\n4   chromedriver                        0x00000001030416c8 _RNvCslE4myv9Sbr3_7___rustc35___rust_no_alloc_shim_is_unstable_v2 + 631828\n5   chromedriver                        0x0000000102ff4188 _RNvCslE4myv9Sbr3_7___rustc35___rust_no_alloc_shim_is_unstable_v2 + 315092\n6   chromedriver                        0x000000010345ac54 cxxbridge1$str$ptr + 2635268\n7   chromedriver                        0x000000010345de6c cxxbridge1$str$ptr + 2648092\n8   chromedriver                        0x000000010343c5d4 cxxbridge1$str$ptr + 2510724\n9   chromedriver                        0x000000010345e718 cxxbridge1$str$ptr + 2650312\n10  chromedriver                        0x000000010342dd7c cxxbridge1$str$ptr + 2451244\n11  chromedriver                        0x000000010347ddd4 cxxbridge1$str$ptr + 2779012\n12  chromedriver                        0x000000010347df54 cxxbridge1$str$ptr + 2779396\n13  chromedriver                        0x000000010348edec cxxbridge1$str$ptr + 2848668\n14  libsystem_pthread.dylib             0x000000019cb64c08 _pthread_start + 136\n15  libsystem_pthread.dylib             0x000000019cb5fba8 thread_start + 8", "trace": "self = <tests.test_single_product_add_to_cart.TestAdd_Single_Product_to_Cart object at 0x10aa47880>\n\n    @allure.story(\"Cart Cleanup\")\n    @allure.severity(allure.severity_level.CRITICAL)\n    @allure.title(\"Remove product from cart\")\n    @allure.description(\"Delete product from cart and validate cart is cleared.\")\n    def test_delete_cart_quantity(self):\n        log = self.get_logger()\n        time.sleep(2)\n        modifyCart = addToCart(self.driver)\n        log.info(\"Deleting the product items from the cart\")\n        with allure.step(\"Delete the product from the cart\"):\n>           cart_removed_text = modifyCart.delete_cart()\n\ntests/test_single_product_add_to_cart.py:142: \n_ _ _ _ _ _ _ _ _ _ _ _ _ _ _ _ _ _ _ _ _ _ _ _ _ _ _ _ _ _ _ _ _ _ _ _ _ _ _ _ _ _ _ _ _ _ _ _ _ _ _ _ _ _ _ _ _ _ _ _ _ _ _ _ _ _ _ _ _ _ _ _ _ _ _ _ _ _ _ _ _ _ _ _ _ _ _ _ \npageObjects/addToCart.py:117: in delete_cart\n    cart_empty = self.driver.find_element(*addToCart.itemRemovedCart)\n.venv/lib/python3.9/site-packages/selenium/webdriver/remote/webdriver.py:888: in find_element\n    return self.execute(Command.FIND_ELEMENT, {\"using\": by, \"value\": value})[\"value\"]\n.venv/lib/python3.9/site-packages/selenium/webdriver/remote/webdriver.py:429: in execute\n    self.error_handler.check_response(response)\n_ _ _ _ _ _ _ _ _ _ _ _ _ _ _ _ _ _ _ _ _ _ _ _ _ _ _ _ _ _ _ _ _ _ _ _ _ _ _ _ _ _ _ _ _ _ _ _ _ _ _ _ _ _ _ _ _ _ _ _ _ _ _ _ _ _ _ _ _ _ _ _ _ _ _ _ _ _ _ _ _ _ _ _ _ _ _ _ \n\nself = <selenium.webdriver.remote.errorhandler.ErrorHandler object at 0x10abca400>\nresponse = {'status': 404, 'value': '{\"value\":{\"error\":\"no such element\",\"message\":\"no such element: Unable to locate element: {\\...00019cb64c08 _pthread_start + 136\\\\n15  libsystem_pthread.dylib             0x000000019cb5fba8 thread_start + 8\\\\n\"}}'}\n\n    def check_response(self, response: Dict[str, Any]) -> None:\n        \"\"\"Checks that a JSON response from the WebDriver does not have an\n        error.\n    \n        :Args:\n         - response - The JSON response from the WebDriver server as a dictionary\n           object.\n    \n        :Raises: If the response contains an error message.\n        \"\"\"\n        status = response.get(\"status\", None)\n        if not status or status == ErrorCode.SUCCESS:\n            return\n        value = None\n        message = response.get(\"message\", \"\")\n        screen: str = response.get(\"screen\", \"\")\n        stacktrace = None\n        if isinstance(status, int):\n            value_json = response.get(\"value\", None)\n            if value_json and isinstance(value_json, str):\n                import json\n    \n                try:\n                    value = json.loads(value_json)\n                    if len(value) == 1:\n                        value = value[\"value\"]\n                    status = value.get(\"error\", None)\n                    if not status:\n                        status = value.get(\"status\", ErrorCode.UNKNOWN_ERROR)\n                        message = value.get(\"value\") or value.get(\"message\")\n                        if not isinstance(message, str):\n                            value = message\n                            message = message.get(\"message\")\n                    else:\n                        message = value.get(\"message\", None)\n                except ValueError:\n                    pass\n    \n        exception_class: Type[WebDriverException]\n        e = ErrorCode()\n        error_codes = [item for item in dir(e) if not item.startswith(\"__\")]\n        for error_code in error_codes:\n            error_info = getattr(ErrorCode, error_code)\n            if isinstance(error_info, list) and status in error_info:\n                exception_class = getattr(ExceptionMapping, error_code, WebDriverException)\n                break\n        else:\n            exception_class = WebDriverException\n    \n        if not value:\n            value = response[\"value\"]\n        if isinstance(value, str):\n            raise exception_class(value)\n        if message == \"\" and \"message\" in value:\n            message = value[\"message\"]\n    \n        screen = None  # type: ignore[assignment]\n        if \"screen\" in value:\n            screen = value[\"screen\"]\n    \n        stacktrace = None\n        st_value = value.get(\"stackTrace\") or value.get(\"stacktrace\")\n        if st_value:\n            if isinstance(st_value, str):\n                stacktrace = st_value.split(\"\\n\")\n            else:\n                stacktrace = []\n                try:\n                    for frame in st_value:\n                        line = frame.get(\"lineNumber\", \"\")\n                        file = frame.get(\"fileName\", \"<anonymous>\")\n                        if line:\n                            file = f\"{file}:{line}\"\n                        meth = frame.get(\"methodName\", \"<anonymous>\")\n                        if \"className\" in frame:\n                            meth = f\"{frame['className']}.{meth}\"\n                        msg = \"    at %s (%s)\"\n                        msg = msg % (meth, file)\n                        stacktrace.append(msg)\n                except TypeError:\n                    pass\n        if exception_class == UnexpectedAlertPresentException:\n            alert_text = None\n            if \"data\" in value:\n                alert_text = value[\"data\"].get(\"text\")\n            elif \"alert\" in value:\n                alert_text = value[\"alert\"].get(\"text\")\n            raise exception_class(message, screen, stacktrace, alert_text)  # type: ignore[call-arg]  # mypy is not smart enough here\n>       raise exception_class(message, screen, stacktrace)\nE       selenium.common.exceptions.NoSuchElementException: Message: no such element: Unable to locate element: {\"method\":\"xpath\",\"selector\":\"//span[@class='a-size-base sc-list-item-removed-msg-text-delete']\"}\nE         (Session info: chrome=140.0.7339.210); For documentation on this error, please visit: https://www.selenium.dev/documentation/webdriver/troubleshooting/errors#no-such-element-exception\nE       Stacktrace:\nE       0   chromedriver                        0x0000000103497274 cxxbridge1$str$ptr + 2882596\nE       1   chromedriver                        0x000000010348f1a0 cxxbridge1$str$ptr + 2849616\nE       2   chromedriver                        0x0000000102fb9180 _RNvCslE4myv9Sbr3_7___rustc35___rust_no_alloc_shim_is_unstable_v2 + 73420\nE       3   chromedriver                        0x00000001030004c4 _RNvCslE4myv9Sbr3_7___rustc35___rust_no_alloc_shim_is_unstable_v2 + 365072\nE       4   chromedriver                        0x00000001030416c8 _RNvCslE4myv9Sbr3_7___rustc35___rust_no_alloc_shim_is_unstable_v2 + 631828\nE       5   chromedriver                        0x0000000102ff4188 _RNvCslE4myv9Sbr3_7___rustc35___rust_no_alloc_shim_is_unstable_v2 + 315092\nE       6   chromedriver                        0x000000010345ac54 cxxbridge1$str$ptr + 2635268\nE       7   chromedriver                        0x000000010345de6c cxxbridge1$str$ptr + 2648092\nE       8   chromedriver                        0x000000010343c5d4 cxxbridge1$str$ptr + 2510724\nE       9   chromedriver                        0x000000010345e718 cxxbridge1$str$ptr + 2650312\nE       10  chromedriver                        0x000000010342dd7c cxxbridge1$str$ptr + 2451244\nE       11  chromedriver                        0x000000010347ddd4 cxxbridge1$str$ptr + 2779012\nE       12  chromedriver                        0x000000010347df54 cxxbridge1$str$ptr + 2779396\nE       13  chromedriver                        0x000000010348edec cxxbridge1$str$ptr + 2848668\nE       14  libsystem_pthread.dylib             0x000000019cb64c08 _pthread_start + 136\nE       15  libsystem_pthread.dylib             0x000000019cb5fba8 thread_start + 8\n\n.venv/lib/python3.9/site-packages/selenium/webdriver/remote/errorhandler.py:232: NoSuchElementException"}, "description": "Delete product from cart and validate cart is cleared.", "steps": [{"name": "Delete the product from the cart", "status": "broken", "statusDetails": {"message": "selenium.common.exceptions.NoSuchElementException: Message: no such element: Unable to locate element: {\"method\":\"xpath\",\"selector\":\"//span[@class='a-size-base sc-list-item-removed-msg-text-delete']\"}\n  (Session info: chrome=140.0.7339.210); For documentation on this error, please visit: https://www.selenium.dev/documentation/webdriver/troubleshooting/errors#no-such-element-exception\nStacktrace:\n0   chromedriver                        0x0000000103497274 cxxbridge1$str$ptr + 2882596\n1   chromedriver                        0x000000010348f1a0 cxxbridge1$str$ptr + 2849616\n2   chromedriver                        0x0000000102fb9180 _RNvCslE4myv9Sbr3_7___rustc35___rust_no_alloc_shim_is_unstable_v2 + 73420\n3   chromedriver                        0x00000001030004c4 _RNvCslE4myv9Sbr3_7___rustc35___rust_no_alloc_shim_is_unstable_v2 + 365072\n4   chromedriver                        0x00000001030416c8 _RNvCslE4myv9Sbr3_7___rustc35___rust_no_alloc_shim_is_unstable_v2 + 631828\n5   chromedriver                        0x0000000102ff4188 _RNvCslE4myv9Sbr3_7___rustc35___rust_no_alloc_shim_is_unstable_v2 + 315092\n6   chromedriver                        0x000000010345ac54 cxxbridge1$str$ptr + 2635268\n7   chromedriver                        0x000000010345de6c cxxbridge1$str$ptr + 2648092\n8   chromedriver                        0x000000010343c5d4 cxxbridge1$str$ptr + 2510724\n9   chromedriver                        0x000000010345e718 cxxbridge1$str$ptr + 2650312\n10  chromedriver                        0x000000010342dd7c cxxbridge1$str$ptr + 2451244\n11  chromedriver                        0x000000010347ddd4 cxxbridge1$str$ptr + 2779012\n12  chromedriver                        0x000000010347df54 cxxbridge1$str$ptr + 2779396\n13  chromedriver                        0x000000010348edec cxxbridge1$str$ptr + 2848668\n14  libsystem_pthread.dylib             0x000000019cb64c08 _pthread_start + 136\n15  libsystem_pthread.dylib             0x000000019cb5fba8 thread_start + 8\n\n", "trace": "  File \"/Users/vikasdeswal/Documents/Projects/Amazon-Automation/tests/test_single_product_add_to_cart.py\", line 142, in test_delete_cart_quantity\n    cart_removed_text = modifyCart.delete_cart()\n  File \"/Users/vikasdeswal/Documents/Projects/Amazon-Automation/pageObjects/addToCart.py\", line 117, in delete_cart\n    cart_empty = self.driver.find_element(*addToCart.itemRemovedCart)\n  File \"/Users/vikasdeswal/Documents/Projects/Amazon-Automation/.venv/lib/python3.9/site-packages/selenium/webdriver/remote/webdriver.py\", line 888, in find_element\n    return self.execute(Command.FIND_ELEMENT, {\"using\": by, \"value\": value})[\"value\"]\n  File \"/Users/vikasdeswal/Documents/Projects/Amazon-Automation/.venv/lib/python3.9/site-packages/selenium/webdriver/remote/webdriver.py\", line 429, in execute\n    self.error_handler.check_response(response)\n  File \"/Users/vikasdeswal/Documents/Projects/Amazon-Automation/.venv/lib/python3.9/site-packages/selenium/webdriver/remote/errorhandler.py\", line 232, in check_response\n    raise exception_class(message, screen, stacktrace)\n"}, "start": 1759131592684, "stop": 1759131592791}], "attachments": [{"name": "log", "source": "4139ab81-c814-478a-8cda-6285d2f5b4de-attachment.txt", "type": "text/plain"}], "parameters": [{"name": "setup", "value": "{'test_name': 'test_laptop_search', 'search_term': 'HP 15', 'target_product_title': 'HP 15, 13th Gen Intel Core i5-1334U'}"}], "start": 1759131590680, "stop": 1759131592791, "uuid": "6c1bc61e-b341-4c70-a81a-9a8cc737576c", "historyId": "5c11386f1c65d709c0ee9b151fd64ce2", "testCaseId": "992eede274c6a32b1562b9a74ae5ce8d", "fullName": "tests.test_single_product_add_to_cart.TestAdd_Single_Product_to_Cart#test_delete_cart_quantity", "labels": [{"name": "severity", "value": "critical"}, {"name": "story", "value": "Cart Cleanup"}, {"name": "feature", "value": "Single product Search and Add to Cart"}, {"name": "epic", "value": "Amazon e-Commerce Flow"}, {"name": "parentSuite", "value": "tests"}, {"name": "suite", "value": "test_single_product_add_to_cart"}, {"name": "subSuite", "value": "TestAdd_Single_Product_to_Cart"}, {"name": "host", "value": "Vikass-MacBook-Air.local"}, {"name": "thread", "value": "63026-MainThread"}, {"name": "framework", "value": "pytest"}, {"name": "language", "value": "cpython3"}, {"name": "package", "value": "tests.test_single_product_add_to_cart"}], "titlePath": ["tests", "test_single_product_add_to_cart.py", "TestAdd_Single_Product_to_Cart"]}