{"name": "Reduce quantity in cart", "status": "broken", "statusDetails": {"message": "selenium.common.exceptions.TimeoutException: Message: \nStacktrace:\n0   chromedriver                        0x0000000103497274 cxxbridge1$str$ptr + 2882596\n1   chromedriver                        0x000000010348f1a0 cxxbridge1$str$ptr + 2849616\n2   chromedriver                        0x0000000102fb9180 _RNvCslE4myv9Sbr3_7___rustc35___rust_no_alloc_shim_is_unstable_v2 + 73420\n3   chromedriver                        0x00000001030004c4 _RNvCslE4myv9Sbr3_7___rustc35___rust_no_alloc_shim_is_unstable_v2 + 365072\n4   chromedriver                        0x00000001030416c8 _RNvCslE4myv9Sbr3_7___rustc35___rust_no_alloc_shim_is_unstable_v2 + 631828\n5   chromedriver                        0x0000000102ff4188 _RNvCslE4myv9Sbr3_7___rustc35___rust_no_alloc_shim_is_unstable_v2 + 315092\n6   chromedriver                        0x000000010345ac54 cxxbridge1$str$ptr + 2635268\n7   chromedriver                        0x000000010345de6c cxxbridge1$str$ptr + 2648092\n8   chromedriver                        0x000000010343c5d4 cxxbridge1$str$ptr + 2510724\n9   chromedriver                        0x000000010345e718 cxxbridge1$str$ptr + 2650312\n10  chromedriver                        0x000000010342dd7c cxxbridge1$str$ptr + 2451244\n11  chromedriver                        0x000000010347ddd4 cxxbridge1$str$ptr + 2779012\n12  chromedriver                        0x000000010347df54 cxxbridge1$str$ptr + 2779396\n13  chromedriver                        0x000000010348edec cxxbridge1$str$ptr + 2848668\n14  libsystem_pthread.dylib             0x000000019cb64c08 _pthread_start + 136\n15  libsystem_pthread.dylib             0x000000019cb5fba8 thread_start + 8", "trace": "self = <tests.test_single_product_add_to_cart.TestAdd_Single_Product_to_Cart object at 0x10aa59880>\n\n    @allure.story(\"Cart Modification\")\n    @allure.severity(allure.severity_level.NORMAL)\n    @allure.title(\"Reduce quantity in cart\")\n    @allure.description(\"Modify the cart quantity by one unit.\")\n    def test_reduce_cart_quantity(self):\n        log = self.get_logger()\n        time.sleep(2)\n        modifyCart = addToCart(self.driver)\n        with allure.step(\"Reduce product quantity in cart\"):\n>           modifyCart.modify_cart_reduce()\n\ntests/test_single_product_add_to_cart.py:130: \n_ _ _ _ _ _ _ _ _ _ _ _ _ _ _ _ _ _ _ _ _ _ _ _ _ _ _ _ _ _ _ _ _ _ _ _ _ _ _ _ _ _ _ _ _ _ _ _ _ _ _ _ _ _ _ _ _ _ _ _ _ _ _ _ _ _ _ _ _ _ _ _ _ _ _ _ _ _ _ _ _ _ _ _ _ _ _ _ \npageObjects/addToCart.py:103: in modify_cart_reduce\n    self.verify_elements_visibility(lowerQuantity)\npageObjects/addToCart.py:24: in verify_elements_visibility\n    element_to_show = WebDriverWait(self.driver, 6).until(\n_ _ _ _ _ _ _ _ _ _ _ _ _ _ _ _ _ _ _ _ _ _ _ _ _ _ _ _ _ _ _ _ _ _ _ _ _ _ _ _ _ _ _ _ _ _ _ _ _ _ _ _ _ _ _ _ _ _ _ _ _ _ _ _ _ _ _ _ _ _ _ _ _ _ _ _ _ _ _ _ _ _ _ _ _ _ _ _ \n\nself = <selenium.webdriver.support.wait.WebDriverWait (session=\"8b47a9a8ad0a1c4743bb57a5165b399a\")>\nmethod = <function visibility_of_element_located.<locals>._predicate at 0x10ac8edc0>, message = ''\n\n    def until(self, method: Callable[[D], Union[Literal[False], T]], message: str = \"\") -> T:\n        \"\"\"Wait until the method returns a value that is not False.\n    \n        Calls the method provided with the driver as an argument until the\n        return value does not evaluate to ``False``.\n    \n        Parameters:\n        ----------\n        method: callable(WebDriver)\n            - A callable object that takes a WebDriver instance as an argument.\n    \n        message: str\n            - Optional message for :exc:`TimeoutException`\n    \n        Return:\n        -------\n        object: T\n            - The result of the last call to `method`\n    \n        Raises:\n        -------\n        TimeoutException\n            - If 'method' does not return a truthy value within the WebDriverWait\n            object's timeout\n    \n        Example:\n        --------\n        >>> from selenium.webdriver.common.by import By\n        >>> from selenium.webdriver.support.ui import WebDriverWait\n        >>> from selenium.webdriver.support import expected_conditions as EC\n    \n        # Wait until an element is visible on the page\n        >>> wait = WebDriverWait(driver, 10)\n        >>> element = wait.until(EC.visibility_of_element_located((By.ID, \"exampleId\")))\n        >>> print(element.text)\n        \"\"\"\n        screen = None\n        stacktrace = None\n    \n        end_time = time.monotonic() + self._timeout\n        while True:\n            try:\n                value = method(self._driver)\n                if value:\n                    return value\n            except self._ignored_exceptions as exc:\n                screen = getattr(exc, \"screen\", None)\n                stacktrace = getattr(exc, \"stacktrace\", None)\n            if time.monotonic() > end_time:\n                break\n            time.sleep(self._poll)\n>       raise TimeoutException(message, screen, stacktrace)\nE       selenium.common.exceptions.TimeoutException: Message: \nE       Stacktrace:\nE       0   chromedriver                        0x0000000103497274 cxxbridge1$str$ptr + 2882596\nE       1   chromedriver                        0x000000010348f1a0 cxxbridge1$str$ptr + 2849616\nE       2   chromedriver                        0x0000000102fb9180 _RNvCslE4myv9Sbr3_7___rustc35___rust_no_alloc_shim_is_unstable_v2 + 73420\nE       3   chromedriver                        0x00000001030004c4 _RNvCslE4myv9Sbr3_7___rustc35___rust_no_alloc_shim_is_unstable_v2 + 365072\nE       4   chromedriver                        0x00000001030416c8 _RNvCslE4myv9Sbr3_7___rustc35___rust_no_alloc_shim_is_unstable_v2 + 631828\nE       5   chromedriver                        0x0000000102ff4188 _RNvCslE4myv9Sbr3_7___rustc35___rust_no_alloc_shim_is_unstable_v2 + 315092\nE       6   chromedriver                        0x000000010345ac54 cxxbridge1$str$ptr + 2635268\nE       7   chromedriver                        0x000000010345de6c cxxbridge1$str$ptr + 2648092\nE       8   chromedriver                        0x000000010343c5d4 cxxbridge1$str$ptr + 2510724\nE       9   chromedriver                        0x000000010345e718 cxxbridge1$str$ptr + 2650312\nE       10  chromedriver                        0x000000010342dd7c cxxbridge1$str$ptr + 2451244\nE       11  chromedriver                        0x000000010347ddd4 cxxbridge1$str$ptr + 2779012\nE       12  chromedriver                        0x000000010347df54 cxxbridge1$str$ptr + 2779396\nE       13  chromedriver                        0x000000010348edec cxxbridge1$str$ptr + 2848668\nE       14  libsystem_pthread.dylib             0x000000019cb64c08 _pthread_start + 136\nE       15  libsystem_pthread.dylib             0x000000019cb5fba8 thread_start + 8\n\n.venv/lib/python3.9/site-packages/selenium/webdriver/support/wait.py:146: TimeoutException"}, "description": "Modify the cart quantity by one unit.", "steps": [{"name": "Reduce product quantity in cart", "status": "broken", "statusDetails": {"message": "selenium.common.exceptions.TimeoutException: Message: \nStacktrace:\n0   chromedriver                        0x0000000103497274 cxxbridge1$str$ptr + 2882596\n1   chromedriver                        0x000000010348f1a0 cxxbridge1$str$ptr + 2849616\n2   chromedriver                        0x0000000102fb9180 _RNvCslE4myv9Sbr3_7___rustc35___rust_no_alloc_shim_is_unstable_v2 + 73420\n3   chromedriver                        0x00000001030004c4 _RNvCslE4myv9Sbr3_7___rustc35___rust_no_alloc_shim_is_unstable_v2 + 365072\n4   chromedriver                        0x00000001030416c8 _RNvCslE4myv9Sbr3_7___rustc35___rust_no_alloc_shim_is_unstable_v2 + 631828\n5   chromedriver                        0x0000000102ff4188 _RNvCslE4myv9Sbr3_7___rustc35___rust_no_alloc_shim_is_unstable_v2 + 315092\n6   chromedriver                        0x000000010345ac54 cxxbridge1$str$ptr + 2635268\n7   chromedriver                        0x000000010345de6c cxxbridge1$str$ptr + 2648092\n8   chromedriver                        0x000000010343c5d4 cxxbridge1$str$ptr + 2510724\n9   chromedriver                        0x000000010345e718 cxxbridge1$str$ptr + 2650312\n10  chromedriver                        0x000000010342dd7c cxxbridge1$str$ptr + 2451244\n11  chromedriver                        0x000000010347ddd4 cxxbridge1$str$ptr + 2779012\n12  chromedriver                        0x000000010347df54 cxxbridge1$str$ptr + 2779396\n13  chromedriver                        0x000000010348edec cxxbridge1$str$ptr + 2848668\n14  libsystem_pthread.dylib             0x000000019cb64c08 _pthread_start + 136\n15  libsystem_pthread.dylib             0x000000019cb5fba8 thread_start + 8\n\n", "trace": "  File \"/Users/vikasdeswal/Documents/Projects/Amazon-Automation/tests/test_single_product_add_to_cart.py\", line 130, in test_reduce_cart_quantity\n    modifyCart.modify_cart_reduce()\n  File \"/Users/vikasdeswal/Documents/Projects/Amazon-Automation/pageObjects/addToCart.py\", line 103, in modify_cart_reduce\n    self.verify_elements_visibility(lowerQuantity)\n  File \"/Users/vikasdeswal/Documents/Projects/Amazon-Automation/pageObjects/addToCart.py\", line 24, in verify_elements_visibility\n    element_to_show = WebDriverWait(self.driver, 6).until(\n  File \"/Users/vikasdeswal/Documents/Projects/Amazon-Automation/.venv/lib/python3.9/site-packages/selenium/webdriver/support/wait.py\", line 146, in until\n    raise TimeoutException(message, screen, stacktrace)\n"}, "start": 1759131584491, "stop": 1759131590661}], "parameters": [{"name": "setup", "value": "{'test_name': 'test_laptop_search', 'search_term': 'HP 15', 'target_product_title': 'HP 15, 13th Gen Intel Core i5-1334U'}"}], "start": 1759131582485, "stop": 1759131590666, "uuid": "4f1d3731-f1c7-4556-bf32-4612212acce6", "historyId": "ba79bacd466168abde66b15dbd7963af", "testCaseId": "ac18f9edfe83736afaace4d259b38f35", "fullName": "tests.test_single_product_add_to_cart.TestAdd_Single_Product_to_Cart#test_reduce_cart_quantity", "labels": [{"name": "story", "value": "Cart Modification"}, {"name": "feature", "value": "Single product Search and Add to Cart"}, {"name": "severity", "value": "normal"}, {"name": "epic", "value": "Amazon e-Commerce Flow"}, {"name": "parentSuite", "value": "tests"}, {"name": "suite", "value": "test_single_product_add_to_cart"}, {"name": "subSuite", "value": "TestAdd_Single_Product_to_Cart"}, {"name": "host", "value": "Vikass-MacBook-Air.local"}, {"name": "thread", "value": "63026-MainThread"}, {"name": "framework", "value": "pytest"}, {"name": "language", "value": "cpython3"}, {"name": "package", "value": "tests.test_single_product_add_to_cart"}], "titlePath": ["tests", "test_single_product_add_to_cart.py", "TestAdd_Single_Product_to_Cart"]}